<?xml version="1.0" encoding="UTF-8"?>
<testsuite name="Images and links hygiene" tests="3" skipped="0" failures="0" errors="0" timestamp="2025-09-12T14:43:09.925Z" hostname="AURAKAI" time="0.014">
  <properties/>
  <testcase name="images have alt text and local images exist()" classname="docs.MarkdownFileValidationAdvancedTest$ImagesAndLinks" time="0.002"/>
  <testcase name="all local markdown links resolve to existing files or directories()" classname="docs.MarkdownFileValidationAdvancedTest$ImagesAndLinks" time="0.003"/>
  <testcase name="no TODO-like tokens outside code fences()" classname="docs.MarkdownFileValidationAdvancedTest$ImagesAndLinks" time="0.008"/>
  <system-out><![CDATA[]]></system-out>
  <system-err><![CDATA[]]></system-err>
</testsuite>
