<?xml version="1.0" encoding="UTF-8"?>
<testsuite name="Images and links â€“ protocol hygiene" tests="1" skipped="0" failures="0" errors="0" timestamp="2025-09-12T18:50:08.633Z" hostname="AURAKAI" time="0.0">
  <properties/>
  <testcase name="remote images use HTTPS except for local dev()" classname="docs.MarkdownFileValidationAdvancedTest$ImagesAndLinksMore" time="0.0"/>
  <system-out><![CDATA[]]></system-out>
  <system-err><![CDATA[]]></system-err>
</testsuite>
