<?xml version="1.0" encoding="UTF-8"?>
<testsuite name="Table of Contents - extra checks" tests="1" skipped="0" failures="1" errors="0" timestamp="2025-09-12T13:18:16.657Z" hostname="AURAKAI" time="0.004">
  <properties/>
  <testcase name="table of contents has at least 4 entries and uses bullet list()" classname="docs.MarkdownFileValidationMoreTest$TocExtra" time="0.004">
    <failure message="org.opentest4j.AssertionFailedError: Table of Contents section not found ==&gt; expected: &lt;true&gt; but was: &lt;false&gt;" type="org.opentest4j.AssertionFailedError">org.opentest4j.AssertionFailedError: Table of Contents section not found ==&gt; expected: &lt;true&gt; but was: &lt;false&gt;
	at org.junit.jupiter.api.AssertionFailureBuilder.build(AssertionFailureBuilder.java:151)
	at org.junit.jupiter.api.AssertionFailureBuilder.buildAndThrow(AssertionFailureBuilder.java:132)
	at org.junit.jupiter.api.AssertTrue.failNotTrue(AssertTrue.java:63)
	at org.junit.jupiter.api.AssertTrue.assertTrue(AssertTrue.java:36)
	at org.junit.jupiter.api.Assertions.assertTrue(Assertions.java:214)
	at docs.MarkdownFileValidationMoreTest$TocExtra.table of contents has at least 4 entries and uses bullet list(MarkdownFileValidationMoreTest.kt:93)
	at java.lang.reflect.Method.invoke(Method.java:498)
	at java.util.ArrayList.forEach(ArrayList.java:1259)
	at java.util.ArrayList.forEach(ArrayList.java:1259)
	at java.util.ArrayList.forEach(ArrayList.java:1259)
</failure>
  </testcase>
  <system-out><![CDATA[]]></system-out>
  <system-err><![CDATA[]]></system-err>
</testsuite>
