<?xml version="1.0" encoding="UTF-8"?>
<testsuite name="Headings and structure - extra" tests="1" skipped="0" failures="1" errors="0" timestamp="2025-09-12T07:17:41.713Z" hostname="AURAKAI" time="0.002">
  <properties/>
  <testcase name="exactly one top-level H1()" classname="docs.MarkdownFileValidationTest$DocumentationLinks$HeadingsAndStructureExtra" time="0.002">
    <failure message="org.opentest4j.AssertionFailedError: Exactly one top-level H1 heading is expected ==&gt; expected: &lt;1&gt; but was: &lt;35&gt;" type="org.opentest4j.AssertionFailedError">org.opentest4j.AssertionFailedError: Exactly one top-level H1 heading is expected ==&gt; expected: &lt;1&gt; but was: &lt;35&gt;
	at org.junit.jupiter.api.AssertionFailureBuilder.build(AssertionFailureBuilder.java:151)
	at org.junit.jupiter.api.AssertionFailureBuilder.buildAndThrow(AssertionFailureBuilder.java:132)
	at org.junit.jupiter.api.AssertEquals.failNotEqual(AssertEquals.java:197)
	at org.junit.jupiter.api.AssertEquals.assertEquals(AssertEquals.java:150)
	at org.junit.jupiter.api.Assertions.assertEquals(Assertions.java:563)
	at docs.MarkdownFileValidationTest$DocumentationLinks$HeadingsAndStructureExtra.exactly one top-level H1(MarkdownFileValidationTest.kt:548)
	at java.lang.reflect.Method.invoke(Method.java:498)
	at java.util.ArrayList.forEach(ArrayList.java:1259)
	at java.util.ArrayList.forEach(ArrayList.java:1259)
	at java.util.ArrayList.forEach(ArrayList.java:1259)
	at java.util.ArrayList.forEach(ArrayList.java:1259)
</failure>
  </testcase>
  <system-out><![CDATA[]]></system-out>
  <system-err><![CDATA[]]></system-err>
</testsuite>
