<?xml version="1.0" encoding="UTF-8"?>
<testsuite name="Platform-specific references" tests="2" skipped="0" failures="0" errors="0" timestamp="2025-09-12T13:18:16.572Z" hostname="AURAKAI" time="0.014">
  <properties/>
  <testcase name="gradlewbat exists when referenced()" classname="docs.MarkdownFileValidationExtraTest$PlatformSpecific" time="0.007"/>
  <testcase name="contributing and code of conduct files exist when linked()" classname="docs.MarkdownFileValidationExtraTest$PlatformSpecific" time="0.006"/>
  <system-out><![CDATA[]]></system-out>
  <system-err><![CDATA[]]></system-err>
</testsuite>
