<?xml version="1.0" encoding="UTF-8"?>
<testsuite name="Images and media" tests="1" skipped="0" failures="0" errors="0" timestamp="2025-09-12T07:27:49.309Z" hostname="AURAKAI" time="0.004">
  <properties/>
  <testcase name="images have alt text and local image paths exist()" classname="docs.MarkdownFileValidationTest$DocumentationLinks$ImagesAndMedia" time="0.004"/>
  <system-out><![CDATA[]]></system-out>
  <system-err><![CDATA[]]></system-err>
</testsuite>
