<?xml version="1.0" encoding="UTF-8"?>
<testsuite name="Build tooling and licensing â€“ supplemental" tests="2" skipped="0" failures="0" errors="0" timestamp="2025-09-12T18:50:08.431Z" hostname="AURAKAI" time="0.013">
  <properties/>
  <testcase name="license file exists when License section present()" classname="docs.MarkdownFileValidationAdvancedSupplementalTest$BuildAndLicenseSupplemental" time="0.005"/>
  <testcase name="apache 2 license badge matches LICENSE content()" classname="docs.MarkdownFileValidationAdvancedSupplementalTest$BuildAndLicenseSupplemental" time="0.008"/>
  <system-out><![CDATA[]]></system-out>
  <system-err><![CDATA[]]></system-err>
</testsuite>
