<?xml version="1.0" encoding="UTF-8"?>
<testsuite name="Code fences â€“ language tags" tests="1" skipped="0" failures="0" errors="0" timestamp="2025-09-12T07:17:41.394Z" hostname="AURAKAI" time="0.001">
  <properties/>
  <testcase name="language tags are plausible when provided()" classname="docs.MarkdownFileValidationAdvancedSupplementalTest$CodeFencesLanguageTags" time="0.001"/>
  <system-out><![CDATA[]]></system-out>
  <system-err><![CDATA[]]></system-err>
</testsuite>
