<?xml version="1.0" encoding="UTF-8"?>
<testsuite name="Placeholder hygiene" tests="1" skipped="0" failures="0" errors="0" timestamp="2025-09-12T13:18:16.558Z" hostname="AURAKAI" time="0.01">
  <properties/>
  <testcase name="readme does not contain placeholder terms()" classname="docs.MarkdownFileValidationExtraTest$PlaceholderHygiene" time="0.01"/>
  <system-out><![CDATA[]]></system-out>
  <system-err><![CDATA[]]></system-err>
</testsuite>
