<?xml version="1.0" encoding="UTF-8"?>
<testsuite name="Code fences quality" tests="1" skipped="0" failures="1" errors="0" timestamp="2025-09-12T18:50:08.575Z" hostname="AURAKAI" time="0.003">
  <properties/>
  <testcase name="fenced code blocks declare a language()" classname="docs.MarkdownFileValidationAdvancedTest$CodeFences" time="0.003">
    <failure message="org.opentest4j.AssertionFailedError: All fenced code blocks should declare a language for syntax highlighting ==&gt; expected: &lt;0&gt; but was: &lt;3&gt;" type="org.opentest4j.AssertionFailedError">org.opentest4j.AssertionFailedError: All fenced code blocks should declare a language for syntax highlighting ==&gt; expected: &lt;0&gt; but was: &lt;3&gt;
	at org.junit.jupiter.api.AssertionFailureBuilder.build(AssertionFailureBuilder.java:151)
	at org.junit.jupiter.api.AssertionFailureBuilder.buildAndThrow(AssertionFailureBuilder.java:132)
	at org.junit.jupiter.api.AssertEquals.failNotEqual(AssertEquals.java:197)
	at org.junit.jupiter.api.AssertEquals.assertEquals(AssertEquals.java:150)
	at org.junit.jupiter.api.Assertions.assertEquals(Assertions.java:563)
	at docs.MarkdownFileValidationAdvancedTest$CodeFences.fenced code blocks declare a language(MarkdownFileValidationAdvancedTest.kt:327)
	at java.lang.reflect.Method.invoke(Method.java:498)
	at java.util.ArrayList.forEach(ArrayList.java:1259)
	at java.util.ArrayList.forEach(ArrayList.java:1259)
	at java.util.ArrayList.forEach(ArrayList.java:1259)
</failure>
  </testcase>
  <system-out><![CDATA[]]></system-out>
  <system-err><![CDATA[]]></system-err>
</testsuite>
