<?xml version="1.0" encoding="UTF-8"?>
<testsuite name="Headings and structure" tests="3" skipped="0" failures="1" errors="0" timestamp="2025-09-12T18:50:08.859Z" hostname="AURAKAI" time="0.012">
  <properties/>
  <testcase name="has a top-level H1 header()" classname="docs.MarkdownFileValidationTest$DocumentationLinks$HeadingsAndStructure" time="0.0"/>
  <testcase name="no duplicate header slugs()" classname="docs.MarkdownFileValidationTest$DocumentationLinks$HeadingsAndStructure" time="0.009"/>
  <testcase name="contains Overview and Architecture sections()" classname="docs.MarkdownFileValidationTest$DocumentationLinks$HeadingsAndStructure" time="0.003">
    <failure message="org.opentest4j.MultipleFailuresError: Multiple Failures (1 failure)&#13;&#10;&#9;org.opentest4j.AssertionFailedError: Missing 'Overview' section ==&gt; expected: &lt;true&gt; but was: &lt;false&gt;" type="org.opentest4j.MultipleFailuresError">org.opentest4j.MultipleFailuresError: Multiple Failures (1 failure)
	org.opentest4j.AssertionFailedError: Missing 'Overview' section ==&gt; expected: &lt;true&gt; but was: &lt;false&gt;
	at org.junit.jupiter.api.AssertAll.assertAll(AssertAll.java:80)
	at org.junit.jupiter.api.AssertAll.assertAll(AssertAll.java:44)
	at org.junit.jupiter.api.AssertAll.assertAll(AssertAll.java:38)
	at org.junit.jupiter.api.Assertions.assertAll(Assertions.java:2944)
	at docs.MarkdownFileValidationTest$DocumentationLinks$HeadingsAndStructure.contains Overview and Architecture sections(MarkdownFileValidationTest.kt:419)
	at java.lang.reflect.Method.invoke(Method.java:498)
	at java.util.ArrayList.forEach(ArrayList.java:1259)
	at java.util.ArrayList.forEach(ArrayList.java:1259)
	at java.util.ArrayList.forEach(ArrayList.java:1259)
	at java.util.ArrayList.forEach(ArrayList.java:1259)
	Suppressed: org.opentest4j.AssertionFailedError: Missing 'Overview' section ==&gt; expected: &lt;true&gt; but was: &lt;false&gt;
		at org.junit.jupiter.api.AssertionFailureBuilder.build(AssertionFailureBuilder.java:151)
		at org.junit.jupiter.api.AssertionFailureBuilder.buildAndThrow(AssertionFailureBuilder.java:132)
		at org.junit.jupiter.api.AssertTrue.failNotTrue(AssertTrue.java:63)
		at org.junit.jupiter.api.AssertTrue.assertTrue(AssertTrue.java:36)
		at org.junit.jupiter.api.Assertions.assertTrue(Assertions.java:214)
		at docs.MarkdownFileValidationTest$DocumentationLinks$HeadingsAndStructure.contains_Overview_and_Architecture_sections$lambda$2(MarkdownFileValidationTest.kt:420)
		at org.junit.jupiter.api.AssertAll.lambda$assertAll$0(AssertAll.java:68)
		at java.util.stream.ReferencePipeline$3$1.accept(ReferencePipeline.java:193)
		at java.util.Spliterators$ArraySpliterator.forEachRemaining(Spliterators.java:948)
		at java.util.stream.AbstractPipeline.copyInto(AbstractPipeline.java:482)
		at java.util.stream.AbstractPipeline.wrapAndCopyInto(AbstractPipeline.java:472)
		at java.util.stream.ReduceOps$ReduceOp.evaluateSequential(ReduceOps.java:708)
		at java.util.stream.AbstractPipeline.evaluate(AbstractPipeline.java:234)
		at java.util.stream.ReferencePipeline.collect(ReferencePipeline.java:566)
		at org.junit.jupiter.api.AssertAll.assertAll(AssertAll.java:77)
		... 9 more
Caused by: org.opentest4j.AssertionFailedError: Missing 'Overview' section ==&gt; expected: &lt;true&gt; but was: &lt;false&gt;
	at org.junit.jupiter.api.AssertionFailureBuilder.build(AssertionFailureBuilder.java:151)
	at org.junit.jupiter.api.AssertionFailureBuilder.buildAndThrow(AssertionFailureBuilder.java:132)
	at org.junit.jupiter.api.AssertTrue.failNotTrue(AssertTrue.java:63)
	at org.junit.jupiter.api.AssertTrue.assertTrue(AssertTrue.java:36)
	at org.junit.jupiter.api.Assertions.assertTrue(Assertions.java:214)
	at docs.MarkdownFileValidationTest$DocumentationLinks$HeadingsAndStructure.contains_Overview_and_Architecture_sections$lambda$2(MarkdownFileValidationTest.kt:420)
	at org.junit.jupiter.api.AssertAll.lambda$assertAll$0(AssertAll.java:68)
	at java.util.stream.ReferencePipeline$3$1.accept(ReferencePipeline.java:193)
	at java.util.Spliterators$ArraySpliterator.forEachRemaining(Spliterators.java:948)
	at java.util.stream.AbstractPipeline.copyInto(AbstractPipeline.java:482)
	at java.util.stream.AbstractPipeline.wrapAndCopyInto(AbstractPipeline.java:472)
	at java.util.stream.ReduceOps$ReduceOp.evaluateSequential(ReduceOps.java:708)
	at java.util.stream.AbstractPipeline.evaluate(AbstractPipeline.java:234)
	at java.util.stream.ReferencePipeline.collect(ReferencePipeline.java:566)
	at org.junit.jupiter.api.AssertAll.assertAll(AssertAll.java:77)
	... 9 more
</failure>
  </testcase>
  <system-out><![CDATA[]]></system-out>
  <system-err><![CDATA[]]></system-err>
</testsuite>
