<?xml version="1.0" encoding="UTF-8"?>
<testsuite name="Readme hygiene â€“ merge conflicts and EOF" tests="2" skipped="0" failures="0" errors="0" timestamp="2025-09-12T07:27:49.088Z" hostname="AURAKAI" time="0.004">
  <properties/>
  <testcase name="no unresolved merge conflict markers outside code fences()" classname="docs.MarkdownFileValidationAdvancedTest$ReadmeHygiene" time="0.002"/>
  <testcase name="readme ends with a newline()" classname="docs.MarkdownFileValidationAdvancedTest$ReadmeHygiene" time="0.002"/>
  <system-out><![CDATA[]]></system-out>
  <system-err><![CDATA[]]></system-err>
</testsuite>
