<?xml version="1.0" encoding="UTF-8"?>
<testsuite name="License and scripts" tests="2" skipped="0" failures="0" errors="0" timestamp="2025-09-12T14:35:33.775Z" hostname="AURAKAI" time="0.007">
  <properties/>
  <testcase name="nuclear clean script exists when documented()" classname="docs.MarkdownFileValidationTest$DocumentationLinks$LicenseAndScripts" time="0.004"/>
  <testcase name="license file exists and mentions MIT()" classname="docs.MarkdownFileValidationTest$DocumentationLinks$LicenseAndScripts" time="0.003"/>
  <system-out><![CDATA[]]></system-out>
  <system-err><![CDATA[]]></system-err>
</testsuite>
