<?xml version="1.0" encoding="UTF-8"?>
<testsuite name="Link integrity (dynamic)" tests="2" skipped="0" failures="0" errors="0" timestamp="2025-09-12T13:18:16.857Z" hostname="AURAKAI" time="0.005">
  <properties/>
  <testcase name="in-document anchors resolve to existing headers()" classname="docs.MarkdownFileValidationTest$DocumentationLinks$LinkIntegrityDynamic" time="0.002"/>
  <testcase name="relative markdown links resolve to existing paths()" classname="docs.MarkdownFileValidationTest$DocumentationLinks$LinkIntegrityDynamic" time="0.001"/>
  <system-out><![CDATA[]]></system-out>
  <system-err><![CDATA[]]></system-err>
</testsuite>
