<?xml version="1.0" encoding="UTF-8"?>
<testsuite name="ToC consistency (extras)" tests="3" skipped="0" failures="0" errors="0" timestamp="2025-09-12T13:18:16.915Z" hostname="AURAKAI" time="0.004">
  <properties/>
  <testcase name="toc anchors are unique()" classname="docs.MarkdownFileValidationTest$DocumentationLinks$TocConsistencyExtras" time="0.001"/>
  <testcase name="selected sections appear in ToC when headers exist()" classname="docs.MarkdownFileValidationTest$DocumentationLinks$TocConsistencyExtras" time="0.001"/>
  <testcase name="toc lines are bullet links()" classname="docs.MarkdownFileValidationTest$DocumentationLinks$TocConsistencyExtras" time="0.001"/>
  <system-out><![CDATA[]]></system-out>
  <system-err><![CDATA[]]></system-err>
</testsuite>
