<?xml version="1.0" encoding="UTF-8"?>
<testsuite name="Headers - extra validations" tests="2" skipped="0" failures="0" errors="0" timestamp="2025-09-12T14:35:33.545Z" hostname="AURAKAI" time="0.012">
  <properties/>
  <testcase name="headers should not exceed 80 characters()" classname="docs.MarkdownFileValidationMoreTest$HeadersExtra" time="0.003"/>
  <testcase name="contains License and Contributing sections if linked()" classname="docs.MarkdownFileValidationMoreTest$HeadersExtra" time="0.008"/>
  <system-out><![CDATA[]]></system-out>
  <system-err><![CDATA[]]></system-err>
</testsuite>
