<?xml version="1.0" encoding="UTF-8"?>
<testsuite name="Internal anchors validity" tests="1" skipped="0" failures="0" errors="0" timestamp="2025-09-12T07:27:49.076Z" hostname="AURAKAI" time="0.002">
  <properties/>
  <testcase name="internal markdown anchors reference existing headers()" classname="docs.MarkdownFileValidationAdvancedTest$InternalAnchors" time="0.002"/>
  <system-out><![CDATA[]]></system-out>
  <system-err><![CDATA[]]></system-err>
</testsuite>
