<?xml version="1.0" encoding="UTF-8"?>
<testsuite name="Headers - extra validations" tests="2" skipped="0" failures="0" errors="0" timestamp="2025-09-12T13:18:16.623Z" hostname="AURAKAI" time="0.016">
  <properties/>
  <testcase name="headers should not exceed 80 characters()" classname="docs.MarkdownFileValidationMoreTest$HeadersExtra" time="0.01"/>
  <testcase name="contains License and Contributing sections if linked()" classname="docs.MarkdownFileValidationMoreTest$HeadersExtra" time="0.006"/>
  <system-out><![CDATA[]]></system-out>
  <system-err><![CDATA[]]></system-err>
</testsuite>
