<?xml version="1.0" encoding="UTF-8"?>
<testsuite name="Code fences â€“ advanced" tests="1" skipped="0" failures="0" errors="0" timestamp="2025-09-12T14:35:33.234Z" hostname="AURAKAI" time="0.004">
  <properties/>
  <testcase name="at least one fenced block declares language when fences present()" classname="docs.MarkdownFileValidationAdvancedSupplementalTest$CodeFencesAdvanced" time="0.004"/>
  <system-out><![CDATA[]]></system-out>
  <system-err><![CDATA[]]></system-err>
</testsuite>
