<?xml version="1.0" encoding="UTF-8"?>
<testsuite name="Code fence languages" tests="1" skipped="0" failures="1" errors="0" timestamp="2025-09-12T07:17:41.682Z" hostname="AURAKAI" time="0.001">
  <properties/>
  <testcase name="contains bash and gradle-related code fences()" classname="docs.MarkdownFileValidationTest$DocumentationLinks$CodeFenceLanguages" time="0.001">
    <failure message="org.opentest4j.AssertionFailedError: Expected code fences for Gradle build scripts (kotlin/groovy/gradle) ==&gt; expected: &lt;true&gt; but was: &lt;false&gt;" type="org.opentest4j.AssertionFailedError">org.opentest4j.AssertionFailedError: Expected code fences for Gradle build scripts (kotlin/groovy/gradle) ==&gt; expected: &lt;true&gt; but was: &lt;false&gt;
	at org.junit.jupiter.api.AssertionFailureBuilder.build(AssertionFailureBuilder.java:151)
	at org.junit.jupiter.api.AssertionFailureBuilder.buildAndThrow(AssertionFailureBuilder.java:132)
	at org.junit.jupiter.api.AssertTrue.failNotTrue(AssertTrue.java:63)
	at org.junit.jupiter.api.AssertTrue.assertTrue(AssertTrue.java:36)
	at org.junit.jupiter.api.Assertions.assertTrue(Assertions.java:214)
	at docs.MarkdownFileValidationTest$DocumentationLinks$CodeFenceLanguages.contains bash and gradle-related code fences(MarkdownFileValidationTest.kt:446)
	at java.lang.reflect.Method.invoke(Method.java:498)
	at java.util.ArrayList.forEach(ArrayList.java:1259)
	at java.util.ArrayList.forEach(ArrayList.java:1259)
	at java.util.ArrayList.forEach(ArrayList.java:1259)
	at java.util.ArrayList.forEach(ArrayList.java:1259)
</failure>
  </testcase>
  <system-out><![CDATA[]]></system-out>
  <system-err><![CDATA[]]></system-err>
</testsuite>
