<?xml version="1.0" encoding="UTF-8"?>
<testsuite name="Badges formatting" tests="1" skipped="0" failures="0" errors="0" timestamp="2025-09-12T14:35:33.607Z" hostname="AURAKAI" time="0.001">
  <properties/>
  <testcase name="badge images use https scheme()" classname="docs.MarkdownFileValidationTest$DocumentationLinks$BadgesFormatting" time="0.001"/>
  <system-out><![CDATA[]]></system-out>
  <system-err><![CDATA[]]></system-err>
</testsuite>
