<?xml version="1.0" encoding="UTF-8"?>
<testsuite name="Platform-specific references" tests="2" skipped="0" failures="0" errors="0" timestamp="2025-09-12T14:43:10.045Z" hostname="AURAKAI" time="0.016">
  <properties/>
  <testcase name="gradlewbat exists when referenced()" classname="docs.MarkdownFileValidationExtraTest$PlatformSpecific" time="0.005"/>
  <testcase name="contributing and code of conduct files exist when linked()" classname="docs.MarkdownFileValidationExtraTest$PlatformSpecific" time="0.011"/>
  <system-out><![CDATA[]]></system-out>
  <system-err><![CDATA[]]></system-err>
</testsuite>
