<?xml version="1.0" encoding="UTF-8"?>
<testsuite name="Additional README sanity checks" tests="3" skipped="0" failures="1" errors="0" timestamp="2025-09-12T18:50:08.975Z" hostname="AURAKAI" time="0.006">
  <properties/>
  <testcase name="backtick fences are balanced()" classname="docs.MarkdownFileValidationTest$DocumentationLinks$ReadmeSanity" time="0.001"/>
  <testcase name="module overview section exists()" classname="docs.MarkdownFileValidationTest$DocumentationLinks$ReadmeSanity" time="0.003">
    <failure message="org.opentest4j.AssertionFailedError: Expected '### Module Overview' section to be present ==&gt; expected: &lt;true&gt; but was: &lt;false&gt;" type="org.opentest4j.AssertionFailedError">org.opentest4j.AssertionFailedError: Expected '### Module Overview' section to be present ==&gt; expected: &lt;true&gt; but was: &lt;false&gt;
	at org.junit.jupiter.api.AssertionFailureBuilder.build(AssertionFailureBuilder.java:151)
	at org.junit.jupiter.api.AssertionFailureBuilder.buildAndThrow(AssertionFailureBuilder.java:132)
	at org.junit.jupiter.api.AssertTrue.failNotTrue(AssertTrue.java:63)
	at org.junit.jupiter.api.AssertTrue.assertTrue(AssertTrue.java:36)
	at org.junit.jupiter.api.Assertions.assertTrue(Assertions.java:214)
	at docs.MarkdownFileValidationTest$DocumentationLinks$ReadmeSanity.module overview section exists(MarkdownFileValidationTest.kt:537)
	at java.lang.reflect.Method.invoke(Method.java:498)
	at java.util.ArrayList.forEach(ArrayList.java:1259)
	at java.util.ArrayList.forEach(ArrayList.java:1259)
	at java.util.ArrayList.forEach(ArrayList.java:1259)
	at java.util.ArrayList.forEach(ArrayList.java:1259)
</failure>
  </testcase>
  <testcase name="no tab characters in README()" classname="docs.MarkdownFileValidationTest$DocumentationLinks$ReadmeSanity" time="0.001"/>
  <system-out><![CDATA[]]></system-out>
  <system-err><![CDATA[]]></system-err>
</testsuite>
