<?xml version="1.0" encoding="UTF-8"?>
<testsuite name="Relative link hygiene" tests="1" skipped="0" failures="0" errors="0" timestamp="2025-09-12T13:18:16.902Z" hostname="AURAKAI" time="0.003">
  <properties/>
  <testcase name="relative links do not traverse above repo root()" classname="docs.MarkdownFileValidationTest$DocumentationLinks$RelativeLinkHygiene" time="0.003"/>
  <system-out><![CDATA[]]></system-out>
  <system-err><![CDATA[]]></system-err>
</testsuite>
