<?xml version="1.0" encoding="UTF-8"?>
<testsuite name="Links safety â€“ path traversal" tests="1" skipped="0" failures="0" errors="0" timestamp="2025-09-12T13:18:16.428Z" hostname="AURAKAI" time="0.002">
  <properties/>
  <testcase name="no parent directory traversals in local links for root README()" classname="docs.MarkdownFileValidationAdvancedTest$LinksSafety" time="0.002"/>
  <system-out><![CDATA[]]></system-out>
  <system-err><![CDATA[]]></system-err>
</testsuite>
