<?xml version="1.0" encoding="UTF-8"?>
<testsuite name="Images and links hygiene" tests="3" skipped="0" failures="0" errors="0" timestamp="2025-09-12T18:50:08.610Z" hostname="AURAKAI" time="0.022">
  <properties/>
  <testcase name="images have alt text and local images exist()" classname="docs.MarkdownFileValidationAdvancedTest$ImagesAndLinks" time="0.003"/>
  <testcase name="all local markdown links resolve to existing files or directories()" classname="docs.MarkdownFileValidationAdvancedTest$ImagesAndLinks" time="0.004"/>
  <testcase name="no TODO-like tokens outside code fences()" classname="docs.MarkdownFileValidationAdvancedTest$ImagesAndLinks" time="0.012"/>
  <system-out><![CDATA[]]></system-out>
  <system-err><![CDATA[]]></system-err>
</testsuite>
