<?xml version="1.0" encoding="UTF-8"?>
<testsuite name="Security anchors" tests="1" skipped="0" failures="0" errors="0" timestamp="2025-09-12T13:18:16.906Z" hostname="AURAKAI" time="0.002">
  <properties/>
  <testcase name="security section is included in ToC when present()" classname="docs.MarkdownFileValidationTest$DocumentationLinks$SecurityAnchors" time="0.002"/>
  <system-out><![CDATA[]]></system-out>
  <system-err><![CDATA[]]></system-err>
</testsuite>
