<?xml version="1.0" encoding="UTF-8"?>
<testsuite name="Commands and wrappers" tests="1" skipped="0" failures="0" errors="0" timestamp="2025-09-12T14:35:33.631Z" hostname="AURAKAI" time="0.007">
  <properties/>
  <testcase name="git clone uses https or ssh but not http()" classname="docs.MarkdownFileValidationTest$DocumentationLinks$CommandsAndWrappers" time="0.007"/>
  <system-out><![CDATA[]]></system-out>
  <system-err><![CDATA[]]></system-err>
</testsuite>
