<?xml version="1.0" encoding="UTF-8"?>
<testsuite name="Links - extra validations" tests="2" skipped="0" failures="0" errors="0" timestamp="2025-09-12T13:18:16.645Z" hostname="AURAKAI" time="0.011">
  <properties/>
  <testcase name="all markdown links have non-empty text()" classname="docs.MarkdownFileValidationMoreTest$LinksExtra" time="0.001"/>
  <testcase name="no duplicate relative link targets()" classname="docs.MarkdownFileValidationMoreTest$LinksExtra" time="0.009"/>
  <system-out><![CDATA[]]></system-out>
  <system-err><![CDATA[]]></system-err>
</testsuite>
