<?xml version="1.0" encoding="UTF-8"?>
<testsuite name="Images and links â€“ supplemental" tests="1" skipped="0" failures="0" errors="0" timestamp="2025-09-12T13:18:16.068Z" hostname="AURAKAI" time="0.002">
  <properties/>
  <testcase name="internal markdown anchor links resolve to headers()" classname="docs.MarkdownFileValidationAdvancedSupplementalTest$ImagesAndLinksSupplemental" time="0.002"/>
  <system-out><![CDATA[]]></system-out>
  <system-err><![CDATA[]]></system-err>
</testsuite>
