<?xml version="1.0" encoding="UTF-8"?>
<testsuite name="Build tooling and licensing â€“ advanced" tests="2" skipped="0" failures="0" errors="0" timestamp="2025-09-12T14:35:33.222Z" hostname="AURAKAI" time="0.003">
  <properties/>
  <testcase name="gpl license badge matches LICENSE content()" classname="docs.MarkdownFileValidationAdvancedSupplementalTest$BuildAndLicenseAdvanced" time="0.002"/>
  <testcase name="mit license badge matches LICENSE content()" classname="docs.MarkdownFileValidationAdvancedSupplementalTest$BuildAndLicenseAdvanced" time="0.001"/>
  <system-out><![CDATA[]]></system-out>
  <system-err><![CDATA[]]></system-err>
</testsuite>
