<?xml version="1.0" encoding="UTF-8"?>
<testsuite name="Badges and licensing â€“ additional families" tests="1" skipped="0" failures="0" errors="0" timestamp="2025-09-12T18:50:08.263Z" hostname="AURAKAI" time="0.023">
  <properties/>
  <testcase name="bsd-3-clause license badge matches LICENSE content()" classname="docs.MarkdownFileValidationAdvancedSupplementalEdgeCasesTest$BadgesAndLicensingExtra" time="0.023"/>
  <system-out><![CDATA[]]></system-out>
  <system-err><![CDATA[]]></system-err>
</testsuite>
